SF:lib\src\view_models\helpers\form_state_helper.dart
DA:7,2
DA:10,2
DA:16,1
DA:17,1
DA:18,3
DA:21,1
DA:23,1
DA:26,1
DA:29,2
DA:30,2
DA:34,1
DA:37,1
DA:40,1
DA:41,1
DA:42,3
DA:43,1
DA:44,1
DA:49,0
LF:18
LH:17
end_of_record
SF:lib\src\view_models\helpers\data_state_helper.dart
DA:7,4
DA:9,2
DA:10,2
DA:14,8
LF:4
LH:4
end_of_record
SF:lib\src\view_models\base_view_models.dart
DA:15,6
DA:17,6
DA:18,6
DA:23,0
DA:24,0
DA:27,3
DA:29,3
DA:30,3
DA:37,0
DA:42,3
DA:43,3
DA:45,3
DA:46,8
DA:49,6
DA:51,0
DA:55,1
DA:56,1
DA:57,2
DA:58,2
DA:63,0
DA:64,0
DA:65,0
DA:66,0
DA:70,2
DA:72,3
DA:73,2
DA:76,2
DA:77,0
DA:79,2
DA:82,1
DA:83,1
DA:90,1
DA:91,1
DA:94,2
DA:95,2
DA:127,1
DA:137,0
DA:138,0
DA:139,0
DA:140,0
DA:141,0
DA:144,0
DA:145,0
DA:147,0
DA:150,0
DA:151,0
DA:153,0
DA:154,0
DA:155,0
DA:156,0
DA:157,0
DA:161,0
DA:164,0
DA:166,0
DA:167,0
DA:169,0
LF:56
LH:27
end_of_record
SF:lib\src\view_models\helpers\builders_helpers.dart
DA:6,0
DA:9,0
DA:13,0
DA:14,0
DA:18,0
DA:19,0
LF:6
LH:0
end_of_record
SF:lib\src\view_models\helpers\busy_error_state_helper.dart
DA:7,12
DA:10,6
DA:13,5
DA:17,2
DA:18,6
DA:19,2
DA:23,2
DA:24,2
DA:28,1
DA:33,1
DA:35,1
DA:45,2
DA:47,2
DA:49,2
DA:54,0
DA:56,2
DA:60,2
DA:62,2
DA:64,2
DA:69,12
DA:72,6
DA:75,2
DA:78,1
DA:79,2
DA:83,4
DA:86,2
DA:87,2
DA:90,2
DA:92,2
DA:94,2
DA:100,3
DA:101,9
DA:102,3
DA:105,2
DA:108,2
DA:111,2
DA:112,2
DA:114,1
DA:119,1
LF:39
LH:38
end_of_record
SF:lib\src\view_models\helpers\message_state_helper.dart
DA:7,0
DA:10,0
DA:13,0
DA:16,0
DA:18,0
DA:19,0
DA:23,2
DA:24,2
DA:29,2
DA:30,6
DA:31,2
LF:11
LH:5
end_of_record
SF:lib\src\code_generation\router_annotation\extended_navigator.dart
DA:14,0
DA:15,0
DA:19,0
DA:20,0
DA:22,0
DA:23,0
DA:27,0
DA:37,0
DA:38,0
DA:39,0
DA:49,0
DA:54,0
DA:63,0
DA:73,0
DA:74,0
DA:76,0
DA:77,0
DA:78,0
DA:82,0
DA:87,0
DA:88,0
DA:90,0
DA:92,0
DA:93,0
DA:94,0
DA:96,0
DA:98,0
DA:102,0
DA:103,0
DA:104,0
DA:107,0
DA:108,0
DA:109,0
DA:110,0
DA:113,0
DA:116,0
DA:118,0
DA:125,0
DA:128,0
DA:129,0
DA:132,0
DA:133,0
DA:135,0
DA:141,0
DA:142,0
DA:143,0
DA:145,0
DA:151,0
DA:161,0
DA:168,0
DA:170,0
DA:174,0
DA:175,0
DA:179,0
DA:181,0
DA:182,0
DA:183,0
DA:184,0
DA:185,0
DA:186,0
DA:187,0
DA:192,0
DA:193,0
DA:194,0
DA:196,0
DA:197,0
DA:198,0
DA:200,0
DA:206,0
DA:208,0
DA:209,0
DA:210,0
DA:213,0
DA:215,0
DA:216,0
DA:217,0
DA:221,0
DA:223,0
DA:224,0
DA:225,0
DA:227,0
DA:228,0
DA:229,0
DA:230,0
DA:231,0
DA:232,0
DA:236,0
DA:237,0
DA:238,0
DA:239,0
DA:241,0
DA:242,0
DA:243,0
DA:244,0
DA:245,0
DA:247,0
DA:248,0
DA:251,0
DA:252,0
DA:254,0
DA:257,0
DA:259,0
DA:268,0
DA:270,0
DA:272,0
DA:273,0
DA:274,0
DA:277,0
DA:278,0
DA:280,0
DA:282,0
DA:283,0
DA:288,0
DA:294,0
DA:295,0
DA:298,0
DA:299,0
DA:300,0
DA:302,0
DA:304,0
DA:305,0
DA:308,0
DA:315,0
DA:316,0
DA:321,0
DA:328,0
DA:329,0
DA:335,0
DA:342,0
DA:344,0
DA:350,0
DA:357,0
DA:358,0
DA:365,0
DA:366,0
DA:369,0
DA:370,0
DA:373,0
DA:374,0
DA:377,0
DA:379,0
DA:382,0
DA:383,0
DA:386,0
DA:387,0
DA:390,0
DA:392,0
DA:393,0
DA:395,0
DA:398,0
DA:400,0
DA:401,0
DA:403,0
DA:405,0
DA:406,0
DA:408,0
DA:411,0
DA:412,0
DA:413,0
DA:415,0
DA:417,0
DA:426,0
DA:429,0
DA:431,0
DA:432,0
DA:435,0
DA:436,0
DA:437,0
DA:442,0
DA:443,0
DA:446,0
DA:447,0
LF:172
LH:0
end_of_record
SF:lib\src\code_generation\router_annotation\route_data.dart
DA:9,0
DA:10,0
DA:11,0
DA:12,0
DA:13,0
DA:14,0
DA:16,0
DA:17,0
DA:18,0
DA:19,0
DA:20,0
DA:30,0
DA:32,0
DA:34,0
DA:36,0
DA:38,0
DA:40,0
DA:41,0
DA:42,0
DA:44,0
DA:45,0
DA:46,0
DA:48,0
DA:51,0
DA:53,0
DA:55,0
DA:59,0
DA:61,0
DA:62,0
DA:65,0
DA:66,0
DA:67,0
DA:68,0
DA:74,0
DA:75,0
DA:76,0
DA:77,0
DA:78,0
DA:79,0
DA:89,0
DA:93,0
DA:95,0
DA:96,0
DA:97,0
DA:98,0
DA:99,0
LF:46
LH:0
end_of_record
SF:lib\src\code_generation\router_annotation\router_base.dart
DA:15,0
DA:17,0
DA:18,0
DA:21,0
DA:26,0
DA:27,0
DA:29,0
DA:30,0
DA:33,0
DA:35,0
DA:40,0
DA:42,0
DA:43,0
DA:44,0
DA:46,0
DA:54,0
DA:56,0
DA:57,0
DA:58,0
DA:59,0
DA:62,0
DA:63,0
DA:72,0
DA:73,0
DA:76,0
DA:77,0
DA:78,0
DA:79,0
DA:81,0
DA:82,0
LF:30
LH:0
end_of_record
SF:lib\src\code_generation\router_annotation\router_utils.dart
DA:8,0
DA:9,0
DA:10,0
DA:14,0
DA:16,0
DA:17,0
DA:20,0
DA:21,0
DA:26,0
DA:27,0
DA:30,0
DA:38,0
DA:39,0
DA:40,0
DA:41,0
DA:45,0
DA:47,0
DA:54,0
DA:55,0
DA:59,0
DA:62,0
DA:71,0
DA:80,0
DA:81,0
DA:86,0
DA:87,0
DA:95,0
LF:27
LH:0
end_of_record
SF:lib\src\code_generation\router_annotation\uri_extension.dart
DA:2,0
DA:3,0
DA:5,0
LF:3
LH:0
end_of_record
SF:lib\src\code_generation\router_annotation\parameters.dart
DA:7,7
DA:9,0
DA:11,0
DA:13,0
DA:16,0
DA:17,0
DA:19,0
DA:22,0
DA:23,0
DA:26,0
DA:28,0
DA:29,0
DA:31,0
DA:32,0
DA:34,0
DA:35,0
DA:38,0
DA:39,0
DA:41,0
DA:42,0
DA:44,0
DA:45,0
DA:50,0
DA:51,0
DA:54,0
DA:57,0
DA:61,0
DA:62,0
DA:64,0
DA:65,0
DA:70,0
DA:71,0
DA:74,0
DA:77,0
DA:81,0
DA:82,0
DA:84,0
DA:85,0
DA:90,0
DA:91,0
DA:94,0
DA:97,0
DA:101,0
DA:102,0
DA:104,0
DA:105,0
DA:110,0
DA:111,0
DA:112,0
DA:114,0
DA:121,0
DA:122,0
DA:124,0
DA:125,0
LF:54
LH:1
end_of_record
SF:lib\src\code_generation\router_annotation\route_matcher.dart
DA:11,0
DA:12,0
DA:14,0
DA:16,0
DA:17,0
DA:18,0
DA:22,0
DA:23,0
DA:26,0
DA:27,0
DA:30,0
DA:31,0
DA:32,0
DA:42,0
DA:44,0
DA:49,0
DA:50,0
DA:51,0
DA:52,0
DA:58,0
DA:63,0
DA:64,0
DA:65,0
DA:67,0
DA:68,0
DA:83,0
DA:91,0
DA:93,0
DA:95,0
DA:97,0
DA:99,0
DA:101,0
DA:103,0
DA:105,0
DA:109,0
DA:110,0
DA:111,0
DA:112,0
DA:113,0
DA:114,0
DA:115,0
DA:116,0
LF:42
LH:0
end_of_record
SF:lib\src\code_generation\router_annotation\route_def.dart
DA:9,0
DA:13,0
DA:15,0
DA:17,0
DA:18,0
DA:19,0
DA:20,0
DA:25,0
LF:8
LH:0
end_of_record
SF:lib\src\code_generation\router_annotation\transitions_builders.dart
DA:8,0
DA:10,0
DA:11,0
DA:14,0
DA:21,0
DA:23,0
DA:24,0
DA:27,0
DA:34,0
DA:39,0
DA:40,0
DA:43,0
DA:44,0
DA:50,0
DA:55,0
DA:56,0
DA:59,0
DA:60,0
DA:66,0
DA:68,0
DA:69,0
DA:72,0
DA:79,0
DA:81,0
DA:82,0
DA:85,0
DA:92,0
DA:94,0
DA:99,0
DA:101,0
DA:106,0
DA:113,0
DA:115,0
DA:119,0
DA:123,0
DA:124,0
DA:125,0
DA:126,0
LF:38
LH:0
end_of_record
SF:lib\src\mixins\listenable_service_mixin.dart
DA:8,0
DA:11,0
DA:12,0
DA:13,0
DA:14,0
DA:15,0
DA:16,0
DA:17,0
DA:18,0
DA:24,4
DA:25,8
DA:29,1
DA:30,2
DA:34,4
DA:37,8
DA:38,4
LF:16
LH:7
end_of_record
SF:lib\src\mixins\reactive_service_mixin.dart
DA:10,0
DA:11,0
DA:12,0
DA:13,0
DA:14,0
DA:15,0
DA:16,0
DA:17,0
DA:23,0
DA:24,0
DA:28,0
DA:29,0
DA:33,0
DA:36,0
DA:37,0
LF:15
LH:0
end_of_record
SF:lib\src\reactive\reactive_list\reactive_list.dart
DA:13,0
DA:14,0
DA:17,0
DA:18,0
DA:19,0
DA:22,0
DA:23,0
DA:24,0
DA:27,0
DA:28,0
DA:30,0
DA:34,0
DA:37,0
DA:38,0
DA:39,0
DA:43,0
DA:44,0
DA:45,0
DA:48,0
DA:50,0
DA:51,0
DA:54,0
DA:56,0
DA:58,0
DA:59,0
DA:62,0
DA:64,0
DA:65,0
DA:66,0
DA:71,0
DA:72,0
DA:75,0
DA:77,0
DA:78,0
DA:81,0
DA:83,0
DA:84,0
DA:86,0
DA:91,0
DA:93,0
DA:94,0
DA:98,0
DA:99,0
DA:100,0
DA:104,0
DA:105,0
DA:106,0
DA:110,0
DA:112,0
DA:113,0
DA:114,0
DA:115,0
DA:127,0
DA:128,0
DA:129,0
DA:131,0
DA:132,0
DA:133,0
DA:134,0
DA:135,0
DA:136,0
DA:137,0
DA:156,0
DA:157,0
DA:159,0
DA:161,0
DA:163,0
DA:165,0
DA:167,0
DA:169,0
DA:171,0
DA:175,0
LF:72
LH:0
end_of_record
SF:lib\src\reactive\reactive_value\proxy_value.dart
DA:12,0
DA:14,0
DA:16,0
DA:17,0
DA:19,0
DA:22,0
DA:23,0
DA:24,0
DA:26,0
DA:27,0
DA:30,0
DA:33,0
DA:34,0
DA:38,0
DA:40,0
DA:42,0
DA:43,0
DA:44,0
DA:45,0
DA:48,0
DA:49,0
DA:51,0
DA:53,0
DA:54,0
DA:57,0
DA:58,0
DA:60,0
DA:62,0
DA:63,0
DA:64,0
DA:65,0
DA:67,0
DA:71,0
DA:73,0
DA:75,0
DA:76,0
LF:36
LH:0
end_of_record
SF:lib\src\reactive\reactive_value\reactive_value.dart
DA:9,0
DA:10,0
DA:11,0
DA:57,0
DA:62,0
DA:64,0
DA:65,0
LF:7
LH:0
end_of_record
SF:lib\src\reactive\reactive_value\stored_value.dart
DA:8,0
DA:9,0
DA:10,0
DA:12,0
DA:15,0
DA:16,0
DA:17,0
DA:26,0
DA:28,0
DA:30,0
DA:31,0
DA:32,0
DA:35,0
DA:36,0
DA:38,0
DA:40,0
DA:42,0
DA:43,0
DA:44,0
DA:45,0
DA:48,0
DA:49,0
DA:51,0
DA:53,0
DA:54,0
DA:57,0
DA:58,0
DA:60,0
DA:62,0
DA:63,0
DA:64,0
DA:65,0
DA:67,0
DA:71,0
DA:73,0
DA:75,0
DA:76,0
LF:37
LH:0
end_of_record
SF:lib\src\router\auto_router_x.dart
DA:12,0
DA:14,0
DA:16,0
DA:19,0
DA:21,0
DA:24,0
DA:26,0
DA:28,0
DA:30,0
DA:32,0
DA:37,0
DA:39,0
DA:42,0
DA:48,0
DA:50,0
DA:53,0
DA:56,0
DA:58,0
DA:59,0
DA:61,0
LF:20
LH:0
end_of_record
SF:lib\src\router\route\page_route_info.dart
DA:22,0
DA:34,0
DA:36,0
DA:37,0
DA:38,0
DA:40,0
DA:43,0
DA:44,0
DA:46,0
DA:48,0
DA:50,0
DA:52,0
DA:54,0
DA:55,0
DA:58,0
DA:59,0
DA:60,0
DA:65,0
DA:66,0
DA:69,0
DA:79,0
DA:80,0
DA:81,0
DA:82,0
DA:83,0
DA:84,0
DA:85,0
DA:89,0
DA:90,0
DA:91,0
DA:92,0
DA:93,0
DA:94,0
DA:95,0
DA:99,0
DA:101,0
DA:104,0
DA:105,0
DA:106,0
DA:107,0
DA:108,0
DA:109,0
DA:110,0
DA:111,0
DA:112,0
DA:113,0
DA:114,0
DA:115,0
DA:116,0
DA:118,0
DA:122,0
DA:123,0
DA:126,0
DA:129,0
DA:130,0
DA:131,0
DA:132,0
DA:133,0
DA:134,0
DA:135,0
DA:137,0
DA:139,0
DA:140,0
DA:141,0
DA:142,0
DA:143,0
DA:144,0
LF:67
LH:0
end_of_record
SF:lib\src\router\widgets\stacked_tabs_router.dart
DA:34,0
DA:41,0
DA:95,0
DA:96,0
DA:97,0
DA:99,0
DA:105,0
DA:106,0
DA:114,0
DA:118,0
DA:120,0
DA:121,0
DA:122,0
DA:123,0
DA:124,0
DA:125,0
DA:126,0
DA:129,0
DA:130,0
DA:132,0
DA:133,0
DA:134,0
DA:135,0
DA:136,0
DA:137,0
DA:139,0
DA:140,0
DA:142,0
DA:144,0
DA:145,0
DA:151,0
DA:153,0
DA:154,0
DA:155,0
DA:156,0
DA:158,0
DA:169,0
DA:180,0
DA:188,0
DA:190,0
DA:200,0
DA:201,0
DA:203,0
DA:205,0
DA:206,0
DA:208,0
DA:210,0
DA:211,0
DA:212,0
DA:213,0
DA:216,0
DA:219,0
DA:221,0
DA:222,0
DA:225,0
DA:227,0
DA:228,0
DA:229,0
DA:230,0
DA:231,0
DA:232,0
DA:233,0
DA:234,0
DA:236,0
DA:237,0
DA:238,0
DA:243,0
DA:245,0
DA:246,0
DA:247,0
DA:248,0
DA:249,0
DA:250,0
DA:255,0
DA:257,0
DA:258,0
DA:259,0
DA:260,0
DA:262,0
DA:263,0
DA:264,0
DA:265,0
DA:266,0
DA:267,0
DA:268,0
DA:269,0
DA:270,0
DA:271,0
DA:276,0
DA:277,0
DA:278,0
DA:280,0
DA:281,0
DA:282,0
DA:284,0
DA:285,0
DA:286,0
DA:289,0
DA:297,0
DA:298,0
DA:303,0
DA:312,0
DA:322,0
DA:323,0
DA:331,0
DA:333,0
DA:335,0
DA:336,0
DA:338,0
DA:340,0
DA:341,0
DA:344,0
DA:345,0
DA:346,0
DA:347,0
DA:348,0
DA:350,0
DA:355,0
DA:357,0
DA:358,0
DA:359,0
DA:360,0
DA:363,0
DA:364,0
DA:365,0
DA:366,0
DA:367,0
DA:368,0
DA:372,0
DA:374,0
DA:375,0
DA:376,0
DA:378,0
DA:379,0
DA:380,0
DA:381,0
DA:382,0
DA:383,0
DA:385,0
DA:387,0
DA:388,0
DA:404,0
DA:419,0
DA:427,0
DA:428,0
DA:435,0
DA:437,0
DA:438,0
DA:439,0
DA:440,0
DA:441,0
DA:444,0
DA:448,0
DA:449,0
DA:450,0
DA:455,0
DA:456,0
DA:457,0
DA:461,0
DA:463,0
DA:464,0
DA:465,0
DA:466,0
DA:467,0
DA:471,0
DA:473,0
DA:475,0
DA:476,0
DA:477,0
DA:478,0
DA:479,0
DA:480,0
DA:482,0
DA:483,0
DA:484,0
DA:486,0
DA:487,0
DA:489,0
DA:490,0
DA:491,0
DA:492,0
DA:493,0
DA:494,0
DA:496,0
DA:503,0
DA:507,0
DA:508,0
DA:510,0
DA:512,0
DA:522,0
DA:535,0
DA:543,0
DA:544,0
DA:551,0
DA:553,0
DA:554,0
DA:555,0
DA:556,0
DA:557,0
DA:558,0
DA:559,0
DA:560,0
DA:561,0
DA:563,0
DA:564,0
DA:565,0
DA:566,0
DA:569,0
DA:570,0
DA:575,0
DA:576,0
DA:577,0
DA:578,0
DA:581,0
DA:582,0
DA:586,0
DA:588,0
DA:589,0
DA:590,0
DA:591,0
DA:592,0
DA:596,0
DA:598,0
DA:600,0
DA:601,0
DA:602,0
DA:603,0
DA:604,0
DA:605,0
DA:607,0
DA:608,0
DA:609,0
DA:611,0
DA:612,0
DA:614,0
DA:615,0
DA:616,0
DA:617,0
DA:618,0
DA:619,0
DA:621,0
DA:628,0
DA:632,0
DA:633,0
DA:635,0
DA:637,0
DA:645,0
DA:655,0
DA:663,0
DA:664,0
DA:669,0
DA:671,0
DA:672,0
DA:673,0
DA:674,0
DA:675,0
DA:676,0
DA:677,0
DA:678,0
DA:679,0
DA:681,0
DA:682,0
DA:687,0
DA:689,0
DA:690,0
DA:691,0
DA:692,0
DA:693,0
DA:697,0
DA:699,0
DA:701,0
DA:702,0
DA:703,0
DA:704,0
DA:705,0
DA:706,0
DA:707,0
DA:709,0
DA:710,0
DA:711,0
DA:713,0
DA:714,0
DA:716,0
DA:717,0
DA:718,0
DA:719,0
DA:720,0
DA:723,0
DA:730,0
DA:731,0
DA:733,0
DA:735,0
DA:743,0
DA:744,0
DA:746,0
DA:748,0
DA:750,0
DA:751,0
DA:757,0
DA:758,0
DA:759,0
DA:760,0
DA:761,0
DA:768,0
DA:771,0
DA:774,0
DA:775,0
DA:780,0
DA:782,0
DA:783,0
DA:786,0
DA:787,0
LF:312
LH:0
end_of_record
SF:lib\src\router\controller\controller_scope.dart
DA:11,0
DA:18,0
DA:20,0
DA:23,0
DA:25,0
DA:27,0
DA:29,0
DA:35,0
DA:39,0
DA:40,0
DA:41,0
DA:42,0
DA:48,0
DA:50,0
DA:58,0
DA:63,0
DA:65,0
DA:67,0
DA:69,0
DA:72,0
DA:74,0
DA:82,0
DA:87,0
DA:89,0
DA:91,0
DA:93,0
DA:96,0
DA:98,0
LF:28
LH:0
end_of_record
SF:lib\src\router\controller\routing_controller.dart
DA:40,0
DA:43,0
DA:45,0
DA:49,0
DA:50,0
DA:51,0
DA:54,0
DA:55,0
DA:58,0
DA:59,0
DA:60,0
DA:63,0
DA:64,0
DA:65,0
DA:66,0
DA:72,0
DA:74,0
DA:76,0
DA:78,0
DA:79,0
DA:80,0
DA:81,0
DA:83,0
DA:84,0
DA:88,0
DA:89,0
DA:91,0
DA:92,0
DA:95,0
DA:96,0
DA:99,0
DA:100,0
DA:103,0
DA:104,0
DA:108,0
DA:111,0
DA:112,0
DA:113,0
DA:114,0
DA:121,0
DA:125,0
DA:130,0
DA:133,0
DA:134,0
DA:136,0
DA:141,0
DA:145,0
DA:146,0
DA:147,0
DA:149,0
DA:159,0
DA:160,0
DA:163,0
DA:166,0
DA:167,0
DA:168,0
DA:170,0
DA:171,0
DA:176,0
DA:180,0
DA:181,0
DA:182,0
DA:186,0
DA:191,0
DA:193,0
DA:194,0
DA:195,0
DA:196,0
DA:197,0
DA:201,0
DA:203,0
DA:208,0
DA:210,0
DA:212,0
DA:214,0
DA:218,0
DA:223,0
DA:229,0
DA:230,0
DA:233,0
DA:236,0
DA:237,0
DA:239,0
DA:240,0
DA:241,0
DA:245,0
DA:246,0
DA:247,0
DA:259,0
DA:269,0
DA:271,0
DA:272,0
DA:275,0
DA:277,0
DA:279,0
DA:281,0
DA:283,0
DA:291,0
DA:293,0
DA:301,0
DA:303,0
DA:305,0
DA:307,0
DA:308,0
DA:311,0
DA:312,0
DA:321,0
DA:323,0
DA:334,0
DA:335,0
DA:336,0
DA:338,0
DA:339,0
DA:340,0
DA:341,0
DA:342,0
DA:343,0
DA:344,0
DA:351,0
DA:354,0
DA:355,0
DA:356,0
DA:357,0
DA:360,0
DA:363,0
DA:364,0
DA:365,0
DA:366,0
DA:369,0
DA:370,0
DA:376,0
DA:377,0
DA:378,0
DA:398,0
DA:405,0
DA:409,0
DA:410,0
DA:412,0
DA:414,0
DA:415,0
DA:416,0
DA:420,0
DA:422,0
DA:425,0
DA:427,0
DA:428,0
DA:434,0
DA:436,0
DA:438,0
DA:439,0
DA:440,0
DA:441,0
DA:442,0
DA:444,0
DA:449,0
DA:450,0
DA:452,0
DA:453,0
DA:456,0
DA:458,0
DA:459,0
DA:461,0
DA:468,0
DA:471,0
DA:472,0
DA:473,0
DA:474,0
DA:475,0
DA:477,0
DA:481,0
DA:482,0
DA:483,0
DA:484,0
DA:485,0
DA:486,0
DA:488,0
DA:489,0
DA:490,0
DA:491,0
DA:495,0
DA:496,0
DA:498,0
DA:501,0
DA:502,0
DA:503,0
DA:504,0
DA:509,0
DA:511,0
DA:512,0
DA:515,0
DA:517,0
DA:519,0
DA:520,0
DA:521,0
DA:523,0
DA:524,0
DA:525,0
DA:527,0
DA:530,0
DA:533,0
DA:534,0
DA:536,0
DA:537,0
DA:540,0
DA:541,0
DA:542,0
DA:543,0
DA:544,0
DA:548,0
DA:549,0
DA:551,0
DA:552,0
DA:553,0
DA:554,0
DA:557,0
DA:559,0
DA:560,0
DA:564,0
DA:565,0
DA:566,0
DA:571,0
DA:574,0
DA:575,0
DA:578,0
DA:579,0
DA:580,0
DA:587,0
DA:590,0
DA:592,0
DA:597,0
DA:605,0
DA:607,0
DA:613,0
DA:614,0
DA:622,0
DA:628,0
DA:629,0
DA:630,0
DA:631,0
DA:634,0
DA:635,0
DA:636,0
DA:640,0
DA:643,0
DA:655,1
DA:660,1
DA:667,0
DA:668,0
DA:671,0
DA:675,0
DA:676,0
DA:677,0
DA:682,0
DA:683,0
DA:684,0
DA:687,0
DA:689,0
DA:690,0
DA:691,0
DA:692,0
DA:693,0
DA:696,0
DA:699,0
DA:700,0
DA:705,0
DA:716,0
DA:719,0
DA:721,0
DA:722,0
DA:723,0
DA:729,0
DA:735,0
DA:739,0
DA:740,0
DA:742,0
DA:750,0
DA:751,0
DA:759,0
DA:760,0
DA:762,0
DA:764,0
DA:765,0
DA:772,0
DA:778,0
DA:779,0
DA:780,0
DA:781,0
DA:792,0
DA:793,0
DA:794,0
DA:795,0
DA:798,0
DA:800,0
DA:801,0
DA:802,0
DA:803,0
DA:805,0
DA:813,0
DA:814,0
DA:816,0
DA:818,0
DA:824,0
DA:825,0
DA:826,0
DA:827,0
DA:828,0
DA:832,0
DA:833,0
DA:841,0
DA:844,0
DA:845,0
DA:846,0
DA:848,0
DA:849,0
DA:855,0
DA:857,0
DA:859,0
DA:863,0
DA:865,0
DA:866,0
DA:869,0
DA:870,0
DA:871,0
DA:872,0
DA:875,0
DA:876,0
DA:877,0
DA:878,0
DA:881,0
DA:882,0
DA:884,0
DA:888,0
DA:890,0
DA:893,0
DA:895,0
DA:896,0
DA:902,0
DA:903,0
DA:905,0
DA:908,0
DA:911,0
DA:912,0
DA:913,0
DA:914,0
DA:915,0
DA:916,0
DA:917,0
DA:921,0
DA:923,0
DA:924,0
DA:925,0
DA:929,0
DA:930,0
DA:931,0
DA:932,0
DA:933,0
DA:934,0
DA:939,0
DA:943,0
DA:951,0
DA:958,0
DA:961,0
DA:965,0
DA:966,0
DA:967,0
DA:968,0
DA:971,0
DA:976,0
DA:981,0
DA:982,0
DA:983,0
DA:984,0
DA:987,0
DA:991,0
DA:992,0
DA:999,0
DA:1000,0
DA:1001,0
DA:1002,0
DA:1003,0
DA:1006,0
DA:1010,0
DA:1011,0
DA:1012,0
DA:1013,0
DA:1016,0
DA:1017,0
DA:1018,0
DA:1021,0
DA:1027,0
DA:1028,0
DA:1029,0
DA:1032,0
DA:1034,0
DA:1035,0
DA:1038,0
DA:1040,0
DA:1041,0
DA:1044,0
DA:1049,0
DA:1054,0
DA:1056,0
DA:1057,0
DA:1059,0
DA:1063,0
DA:1068,0
DA:1069,0
DA:1070,0
DA:1071,0
DA:1072,0
DA:1076,0
DA:1077,0
DA:1079,0
DA:1080,0
DA:1081,0
DA:1084,0
DA:1085,0
DA:1086,0
DA:1087,0
DA:1093,0
DA:1098,0
DA:1100,0
DA:1102,0
DA:1105,0
DA:1114,0
DA:1118,0
DA:1119,0
DA:1120,0
DA:1124,0
DA:1126,0
DA:1127,0
DA:1129,0
DA:1130,0
DA:1131,0
DA:1134,0
DA:1143,0
DA:1146,0
DA:1150,0
DA:1151,0
DA:1152,0
DA:1155,0
DA:1157,0
DA:1160,0
DA:1165,0
DA:1168,0
DA:1169,0
DA:1170,0
DA:1171,0
DA:1173,0
DA:1174,0
DA:1175,0
DA:1182,0
DA:1183,0
DA:1185,0
DA:1187,0
DA:1188,0
DA:1192,0
DA:1197,0
DA:1201,0
DA:1204,0
DA:1209,0
DA:1210,0
DA:1211,0
DA:1213,0
DA:1215,0
DA:1216,0
DA:1218,0
DA:1219,0
DA:1220,0
DA:1222,0
DA:1227,0
DA:1228,0
DA:1230,0
DA:1233,0
DA:1234,0
DA:1235,0
DA:1238,0
DA:1244,0
DA:1245,0
DA:1246,0
DA:1249,0
DA:1255,0
DA:1261,0
DA:1262,0
DA:1263,0
DA:1264,0
DA:1268,0
DA:1271,0
DA:1277,0
DA:1283,0
DA:1284,0
DA:1288,0
DA:1291,0
DA:1292,0
DA:1295,0
DA:1296,0
DA:1297,0
DA:1298,0
DA:1302,0
DA:1319,0
DA:1328,0
DA:1330,0
DA:1336,0
DA:1339,0
DA:1340,0
DA:1342,0
DA:1344,0
DA:1345,0
DA:1346,0
DA:1350,0
DA:1351,0
DA:1352,0
DA:1353,0
DA:1355,0
DA:1356,0
DA:1357,0
DA:1360,0
DA:1365,0
DA:1367,0
DA:1369,0
DA:1382,0
DA:1388,0
DA:1390,0
DA:1391,0
DA:1394,0
DA:1397,0
DA:1398,0
DA:1399,0
DA:1400,0
DA:1406,0
DA:1408,0
LF:531
LH:2
end_of_record
SF:lib\src\router\controller\nested_router_delegate.dart
DA:16,0
DA:18,0
DA:19,0
DA:20,0
DA:24,0
DA:25,0
DA:26,0
DA:27,0
DA:28,0
DA:35,0
DA:36,0
DA:40,0
DA:47,0
DA:48,0
DA:49,0
DA:62,0
DA:64,0
DA:65,0
DA:67,0
DA:72,0
DA:73,0
DA:76,0
DA:77,0
DA:78,0
DA:79,0
DA:80,0
DA:81,0
DA:82,0
DA:84,0
DA:88,0
DA:90,0
DA:91,0
DA:92,0
DA:95,0
DA:96,0
DA:97,0
DA:100,0
DA:101,0
DA:104,0
DA:105,0
DA:106,0
DA:108,0
DA:109,0
DA:111,0
DA:114,0
DA:115,0
DA:116,0
DA:117,0
DA:118,0
DA:119,0
DA:120,0
DA:123,0
DA:124,0
DA:127,0
DA:129,0
DA:130,0
DA:131,0
DA:134,0
DA:138,0
DA:145,0
DA:156,0
DA:157,0
DA:161,0
DA:163,0
DA:165,0
DA:166,0
DA:169,0
DA:171,0
DA:172,0
DA:175,0
DA:176,0
DA:177,0
DA:181,0
DA:183,0
DA:184,0
DA:185,0
DA:186,0
DA:187,0
DA:189,0
DA:191,0
DA:192,0
DA:193,0
DA:194,0
DA:195,0
DA:196,0
DA:208,0
DA:217,0
DA:223,0
DA:226,0
DA:228,0
DA:229,0
DA:230,0
DA:231,0
DA:232,0
DA:233,0
DA:235,0
DA:238,0
DA:240,0
DA:243,0
DA:244,0
DA:245,0
DA:247,0
DA:248,0
DA:251,0
DA:254,0
DA:256,0
DA:257,0
DA:258,0
DA:259,0
DA:261,0
DA:262,0
DA:263,0
DA:265,0
DA:266,0
DA:267,0
DA:268,0
DA:269,0
DA:270,0
LF:118
LH:0
end_of_record
SF:lib\src\router\controller\stacked_route_guard.dart
DA:28,0
DA:35,0
DA:36,0
DA:37,0
DA:40,0
DA:48,0
DA:55,0
DA:59,0
DA:60,0
DA:63,0
DA:64,0
DA:65,0
DA:66,0
DA:69,0
DA:73,0
DA:80,0
DA:83,0
DA:84,0
DA:85,0
DA:86,0
DA:87,0
DA:88,0
DA:89,0
DA:91,0
DA:93,0
DA:94,0
DA:95,0
DA:97,0
DA:98,0
DA:101,0
DA:103,0
DA:104,0
DA:106,0
DA:112,7
DA:132,0
DA:134,0
DA:136,0
DA:138,0
DA:139,0
DA:140,0
DA:143,0
DA:144,0
DA:145,0
DA:146,0
DA:149,0
DA:152,0
DA:157,7
DA:159,0
DA:161,0
DA:163,0
DA:164,0
DA:167,0
DA:168,0
DA:169,0
DA:172,0
DA:173,0
DA:176,0
DA:182,0
DA:184,0
DA:186,0
DA:188,0
DA:189,0
DA:191,0
DA:192,0
DA:193,0
DA:196,0
DA:197,0
DA:199,0
DA:200,0
DA:201,0
DA:202,0
DA:205,0
DA:208,0
DA:213,0
DA:215,0
DA:217,0
DA:219,0
DA:220,0
DA:222,0
DA:223,0
DA:224,0
DA:226,0
DA:235,0
DA:237,0
DA:239,0
DA:240,0
LF:86
LH:2
end_of_record
SF:lib\src\router\route\route_data.dart
DA:8,0
DA:10,1
DA:20,0
DA:22,3
DA:24,0
DA:25,0
DA:28,0
DA:29,0
DA:31,0
DA:32,0
DA:35,0
DA:36,0
DA:38,0
DA:40,0
DA:41,0
DA:42,0
DA:48,0
DA:49,0
DA:50,0
DA:54,0
DA:55,0
DA:58,0
DA:60,3
DA:62,0
DA:64,0
DA:66,0
DA:68,0
DA:70,0
DA:72,0
DA:73,0
DA:74,0
DA:77,0
DA:78,0
DA:79,0
DA:84,0
DA:86,0
DA:88,0
DA:90,0
DA:91,0
DA:92,0
DA:98,0
DA:99,0
DA:100,0
DA:102,0
LF:44
LH:3
end_of_record
SF:lib\src\router\controller\root_stack_router.dart
DA:7,1
DA:8,1
DA:12,2
DA:15,0
DA:16,0
DA:26,0
DA:37,0
DA:38,0
DA:42,0
DA:46,0
DA:52,0
DA:53,0
DA:57,0
DA:66,0
DA:78,0
DA:86,0
DA:96,0
DA:97,0
DA:99,0
DA:100,0
DA:101,0
DA:102,0
DA:105,0
DA:107,0
DA:113,0
DA:114,0
LF:26
LH:3
end_of_record
SF:lib\src\router\matcher\route_match.dart
DA:25,8
DA:42,0
DA:44,0
DA:46,0
DA:48,0
DA:49,0
DA:50,0
DA:51,0
DA:52,0
DA:55,0
DA:56,0
DA:59,0
DA:74,0
DA:75,0
DA:76,0
DA:77,0
DA:78,0
DA:79,0
DA:80,0
DA:81,0
DA:82,0
DA:83,0
DA:84,0
DA:85,0
DA:86,0
DA:87,0
DA:91,0
DA:94,0
DA:95,0
DA:96,0
DA:97,0
DA:98,0
DA:99,0
DA:100,0
DA:101,0
DA:102,0
DA:103,0
DA:104,0
DA:105,0
DA:106,0
DA:107,0
DA:109,0
DA:111,0
DA:112,0
DA:113,0
DA:114,0
DA:115,0
DA:116,0
DA:117,0
DA:118,0
DA:119,0
DA:120,0
DA:121,0
DA:122,0
DA:124,0
DA:126,0
DA:129,0
LF:57
LH:1
end_of_record
SF:lib\src\router\navigation_failure.dart
DA:8,0
DA:14,0
DA:16,0
DA:18,0
DA:26,0
DA:28,0
DA:30,0
LF:7
LH:0
end_of_record
SF:lib\src\router\widgets\nested_router.dart
DA:15,0
DA:24,0
DA:26,0
DA:38,0
DA:49,0
DA:50,0
DA:52,0
DA:53,0
DA:54,0
DA:56,0
DA:62,0
DA:63,0
DA:66,0
DA:67,0
DA:74,0
DA:79,0
DA:81,0
DA:82,0
DA:83,0
DA:84,0
DA:85,0
DA:86,0
DA:87,0
DA:90,0
DA:91,0
DA:93,0
DA:94,0
DA:95,0
DA:96,0
DA:97,0
DA:99,0
DA:100,0
DA:101,0
DA:103,0
DA:106,0
DA:107,0
DA:111,0
DA:112,0
DA:113,0
DA:117,0
DA:119,0
DA:120,0
DA:121,0
DA:122,0
DA:123,0
DA:124,0
DA:126,0
DA:127,0
DA:128,0
DA:129,0
DA:130,0
DA:132,0
DA:133,0
DA:135,0
DA:137,0
DA:138,0
DA:144,0
DA:146,0
DA:147,0
DA:148,0
DA:149,0
DA:150,0
DA:151,0
DA:169,0
DA:180,0
DA:182,0
DA:184,0
DA:191,0
DA:196,0
DA:198,0
DA:199,0
DA:200,0
DA:201,0
DA:202,0
DA:203,0
DA:204,0
DA:205,0
DA:208,0
DA:209,0
DA:211,0
DA:212,0
DA:213,0
DA:214,0
DA:215,0
DA:218,0
DA:219,0
DA:220,0
DA:221,0
DA:223,0
DA:224,0
DA:228,0
DA:230,0
DA:231,0
DA:232,0
DA:233,0
DA:234,0
DA:238,0
DA:240,0
DA:241,0
DA:243,0
DA:244,0
DA:245,0
DA:246,0
DA:248,0
DA:249,0
DA:250,0
DA:251,0
DA:252,0
DA:253,0
DA:254,0
DA:255,0
DA:256,0
LF:112
LH:0
end_of_record
SF:lib\src\router\common\route_observer.dart
DA:9,0
DA:10,0
DA:16,0
DA:19,0
DA:22,0
DA:26,0
DA:29,0
DA:31,0
DA:38,0
DA:40,0
DA:43,0
DA:44,0
DA:47,0
DA:51,0
DA:53,0
DA:54,0
DA:57,0
DA:60,0
DA:63,0
DA:66,0
DA:69,0
DA:72,0
DA:85,0
DA:87,0
DA:88,0
DA:89,0
DA:90,0
DA:92,0
DA:102,0
DA:103,0
DA:104,0
DA:105,0
DA:109,0
DA:112,0
DA:114,0
DA:115,0
DA:120,0
DA:123,0
DA:125,0
DA:126,0
DA:131,0
DA:133,0
DA:134,0
DA:135,0
DA:137,0
DA:140,0
DA:141,0
DA:144,0
DA:146,0
DA:149,0
DA:150,0
DA:156,0
DA:158,0
DA:159,0
DA:160,0
DA:161,0
DA:164,0
DA:165,0
DA:176,0
DA:181,0
DA:182,0
DA:183,0
LF:62
LH:0
end_of_record
SF:lib\src\router\common\parameters.dart
DA:7,0
DA:9,0
DA:11,0
DA:13,0
DA:16,0
DA:17,0
DA:19,0
DA:22,0
DA:23,0
DA:26,0
DA:28,0
DA:29,0
DA:31,0
DA:32,0
DA:34,0
DA:35,0
DA:38,0
DA:39,0
DA:41,0
DA:42,0
DA:44,0
DA:45,0
DA:50,0
DA:51,0
DA:54,0
DA:57,0
DA:61,0
DA:62,0
DA:64,0
DA:65,0
DA:70,0
DA:71,0
DA:74,0
DA:77,0
DA:81,0
DA:82,0
DA:84,0
DA:85,0
DA:90,0
DA:91,0
DA:94,0
DA:97,0
DA:101,0
DA:102,0
DA:104,0
DA:105,0
DA:110,0
DA:111,0
DA:112,0
DA:114,0
DA:121,0
DA:122,0
DA:124,0
DA:125,0
LF:54
LH:0
end_of_record
SF:lib\src\router\common\transitions_builders.dart
DA:6,0
DA:10,0
DA:12,0
DA:13,0
DA:16,0
DA:23,0
DA:25,0
DA:26,0
DA:29,0
DA:36,0
DA:41,0
DA:42,0
DA:45,0
DA:46,0
DA:52,0
DA:57,0
DA:58,0
DA:61,0
DA:62,0
DA:68,0
DA:70,0
DA:71,0
DA:74,0
DA:81,0
DA:83,0
DA:84,0
DA:87,0
DA:94,0
DA:96,0
DA:101,0
DA:103,0
DA:108,0
LF:32
LH:0
end_of_record
SF:lib\src\router\stacked_page.dart
DA:22,0
DA:24,0
DA:26,0
DA:33,0
DA:34,0
DA:38,0
DA:39,0
DA:40,0
DA:41,0
DA:44,0
DA:46,0
DA:47,0
DA:50,0
DA:52,0
DA:53,0
DA:54,0
DA:55,0
DA:61,0
DA:63,0
DA:64,0
DA:65,0
DA:71,0
DA:77,0
DA:85,0
DA:87,0
DA:93,0
DA:95,0
DA:97,0
DA:101,0
DA:102,0
DA:104,0
DA:105,0
DA:107,0
DA:108,0
DA:110,0
DA:111,0
DA:116,0
DA:118,0
DA:120,0
DA:121,0
DA:123,0
DA:124,0
DA:126,0
DA:127,0
DA:129,0
DA:130,0
DA:135,0
DA:137,0
DA:139,0
DA:140,0
DA:142,0
DA:143,0
DA:145,0
DA:146,0
DA:148,0
DA:149,0
DA:151,0
DA:157,0
DA:162,0
DA:165,0
DA:168,0
DA:171,0
DA:172,0
DA:174,0
DA:177,0
DA:178,0
DA:179,0
DA:180,0
DA:181,0
DA:182,0
DA:183,0
DA:184,0
DA:187,0
DA:193,0
DA:196,0
DA:203,0
DA:208,0
DA:209,0
DA:210,0
DA:213,0
DA:214,0
DA:215,0
DA:218,0
DA:219,0
DA:221,0
DA:223,0
DA:225,0
DA:226,0
DA:228,0
DA:229,0
DA:231,0
DA:234,0
DA:235,0
DA:236,0
DA:237,0
DA:238,0
DA:239,0
DA:242,0
DA:248,0
DA:251,0
DA:255,0
DA:263,0
DA:267,0
DA:268,0
DA:275,0
DA:282,0
DA:292,0
DA:298,0
DA:306,0
DA:308,0
DA:314,0
DA:316,0
DA:318,0
DA:320,0
DA:321,0
DA:323,0
DA:324,0
DA:326,0
DA:327,0
DA:329,0
DA:330,0
DA:332,0
DA:333,0
DA:337,0
DA:344,0
DA:353,0
DA:356,0
DA:359,0
DA:375,0
DA:389,0
DA:398,0
DA:400,0
DA:401,0
DA:402,0
DA:404,0
LF:135
LH:0
end_of_record
SF:lib\src\router\widgets\custom_cupertino_transitions_builder.dart
DA:37,0
DA:43,0
DA:49,0
DA:100,0
DA:102,0
DA:105,0
DA:108,0
DA:111,0
DA:112,0
DA:114,0
DA:115,0
DA:117,0
DA:119,0
DA:122,0
DA:126,0
DA:129,0
DA:132,0
DA:135,0
DA:136,0
DA:147,0
DA:148,0
DA:159,0
DA:170,0
DA:172,0
DA:175,0
DA:178,0
DA:181,0
DA:184,0
DA:186,0
DA:188,0
DA:192,0
DA:196,0
DA:202,0
DA:205,0
DA:206,0
DA:218,0
DA:220,0
DA:222,0
DA:223,0
DA:224,0
DA:242,0
DA:254,0
DA:255,0
DA:256,0
DA:263,0
DA:267,0
DA:268,0
DA:269,0
DA:276,0
DA:279,0
DA:313,0
DA:319,0
DA:323,0
DA:329,0
DA:330,0
DA:338,0
DA:339,0
DA:355,0
DA:363,0
DA:374,0
DA:377,0
DA:382,0
DA:385,0
DA:389,0
DA:390,0
DA:402,0
DA:404,0
DA:405,0
DA:406,0
DA:407,0
DA:410,0
DA:411,0
DA:413,0
DA:414,0
DA:415,0
DA:435,0
DA:441,0
DA:446,0
DA:447,0
DA:450,0
DA:455,0
DA:456,0
DA:466,0
DA:468,0
DA:469,0
DA:470,0
DA:471,0
DA:474,0
DA:475,0
DA:476,0
DA:494,0
DA:499,0
DA:507,0
DA:509,0
DA:518,0
DA:520,0
DA:521,0
DA:522,0
DA:523,0
DA:524,0
DA:525,0
DA:528,0
DA:530,0
DA:531,0
DA:534,0
DA:535,0
DA:536,0
DA:537,0
DA:540,0
DA:541,0
DA:542,0
DA:543,0
DA:544,0
DA:547,0
DA:548,0
DA:549,0
DA:550,0
DA:551,0
DA:552,0
DA:555,0
DA:556,0
DA:559,0
DA:560,0
DA:563,0
DA:564,0
DA:567,0
DA:568,0
DA:569,0
DA:570,0
DA:571,0
DA:576,0
DA:578,0
DA:581,0
DA:582,0
DA:583,0
DA:584,0
DA:585,0
DA:587,0
DA:588,0
DA:589,0
DA:594,0
DA:595,0
DA:620,0
DA:624,0
DA:632,0
DA:633,0
DA:638,0
DA:651,0
DA:652,0
DA:654,0
DA:661,0
DA:662,0
DA:663,0
DA:664,0
DA:667,0
DA:668,0
DA:672,0
DA:675,0
DA:677,0
DA:678,0
DA:679,0
DA:680,0
DA:681,0
DA:686,0
DA:691,0
DA:692,0
DA:693,0
DA:695,0
DA:697,0
DA:706,7
DA:708,0
DA:711,0
DA:753,0
DA:760,0
DA:762,0
DA:763,0
DA:764,0
DA:767,0
DA:769,0
DA:770,0
DA:771,0
DA:773,0
DA:776,0
DA:777,0
DA:778,0
DA:779,0
DA:780,0
DA:781,0
DA:782,0
DA:787,0
DA:789,0
DA:790,0
DA:792,0
DA:795,0
DA:797,0
DA:798,0
DA:800,0
DA:803,0
DA:805,0
DA:808,0
DA:810,0
DA:811,0
DA:814,0
DA:815,0
DA:817,0
DA:819,0
DA:820,0
DA:826,0
DA:829,0
DA:833,0
DA:835,0
DA:836,0
DA:864,0
DA:865,0
DA:866,0
DA:868,0
DA:869,0
DA:873,0
DA:874,0
DA:877,0
DA:878,0
DA:884,0
DA:885,0
DA:886,0
DA:888,0
DA:889,0
DA:890,0
DA:891,0
DA:892,0
DA:893,0
DA:900,0
DA:902,0
DA:910,0
LF:233
LH:1
end_of_record
SF:lib\src\router\controller\navigation_history\native_navigation_history.dart
DA:10,1
DA:17,0
DA:19,0
DA:20,0
DA:21,0
DA:24,0
DA:25,0
DA:27,0
DA:28,0
DA:30,0
DA:32,0
DA:33,0
DA:34,0
DA:36,0
DA:37,0
DA:39,0
DA:40,0
DA:42,0
DA:45,0
DA:47,0
DA:48,0
DA:49,0
DA:53,0
DA:55,0
DA:64,0
DA:66,0
DA:69,0
DA:70,0
DA:71,0
DA:73,0
DA:74,0
DA:76,0
DA:78,0
LF:33
LH:1
end_of_record
SF:lib\src\router\parser\route_information_parser.dart
DA:13,0
DA:15,0
DA:17,0
DA:19,0
DA:20,0
DA:23,0
DA:25,0
DA:26,0
DA:27,0
DA:35,0
DA:39,0
DA:48,1
DA:50,0
DA:52,0
DA:54,1
DA:58,1
DA:59,1
DA:65,0
DA:67,0
DA:68,0
DA:69,0
DA:71,0
DA:72,0
DA:73,0
DA:79,0
DA:81,0
DA:83,0
DA:85,0
DA:89,0
DA:90,0
DA:92,0
DA:93,0
DA:102,0
DA:103,0
DA:104,0
DA:108,1
DA:110,1
DA:111,1
DA:113,0
DA:114,0
DA:115,0
DA:118,0
DA:119,0
DA:120,0
DA:121,0
DA:122,0
DA:124,0
DA:125,0
DA:127,0
DA:133,0
DA:134,0
DA:136,0
DA:138,0
DA:143,0
DA:147,0
DA:148,0
DA:150,0
DA:151,0
DA:153,0
DA:159,0
DA:162,0
DA:163,0
DA:164,0
DA:166,0
DA:167,0
DA:169,0
DA:174,0
DA:175,0
DA:176,0
DA:177,0
LF:70
LH:7
end_of_record
SF:lib\src\router\controller\navigation_history\navigation_history_base.dart
DA:10,1
DA:11,1
DA:14,0
DA:15,0
DA:16,0
DA:17,0
DA:19,0
DA:20,0
DA:25,0
DA:27,0
DA:29,0
DA:33,0
DA:34,0
DA:35,0
DA:37,0
DA:42,0
DA:43,0
DA:44,0
DA:48,0
DA:49,0
DA:50,0
DA:54,0
DA:55,0
DA:58,0
LF:24
LH:2
end_of_record
SF:lib\src\router\controller\pageless_routes_observer.dart
DA:7,0
DA:9,0
DA:10,0
DA:11,0
DA:12,0
DA:16,0
DA:17,0
DA:19,0
DA:23,0
DA:25,0
DA:28,0
DA:30,0
DA:33,0
DA:35,0
DA:38,0
DA:40,0
LF:16
LH:0
end_of_record
SF:lib\src\router\matcher\route_matcher.dart
DA:13,3
DA:15,1
DA:16,1
DA:17,2
DA:18,2
DA:20,1
DA:23,3
DA:25,0
DA:27,0
DA:29,0
DA:30,0
DA:31,0
DA:34,0
DA:35,0
DA:36,0
DA:37,0
DA:44,0
DA:45,0
DA:46,0
DA:50,0
DA:51,0
DA:52,0
DA:53,0
DA:62,0
DA:65,0
DA:66,0
DA:67,0
DA:69,0
DA:70,0
DA:76,0
DA:78,0
DA:79,0
DA:80,0
DA:81,0
DA:87,0
DA:88,0
DA:90,0
DA:96,0
DA:100,0
DA:101,0
DA:102,0
DA:103,0
DA:105,0
DA:106,0
DA:109,0
DA:110,0
DA:113,0
DA:114,0
DA:115,0
DA:116,0
DA:117,0
DA:119,0
DA:120,0
DA:124,0
DA:126,0
DA:127,0
DA:128,0
DA:129,0
DA:131,0
DA:133,0
DA:134,0
DA:141,0
DA:142,0
DA:143,0
DA:146,0
DA:152,0
DA:154,0
DA:155,0
DA:161,0
DA:167,0
DA:175,0
DA:177,0
DA:179,0
DA:180,0
DA:182,0
DA:186,0
DA:187,0
DA:188,0
DA:192,0
DA:193,0
DA:194,0
DA:195,0
DA:196,0
DA:197,0
DA:198,0
DA:203,0
DA:204,0
DA:208,0
DA:209,0
DA:210,0
DA:211,0
DA:212,0
DA:213,0
DA:214,0
DA:218,0
DA:219,0
DA:220,0
DA:221,0
DA:225,0
DA:226,0
DA:229,0
DA:230,0
DA:234,0
DA:235,0
DA:236,0
DA:237,0
DA:238,0
DA:239,0
DA:243,0
DA:248,0
DA:250,0
DA:253,0
DA:256,0
DA:257,0
DA:258,0
DA:259,0
DA:260,0
DA:261,0
DA:262,0
DA:263,0
DA:265,0
DA:266,0
DA:267,0
DA:268,0
DA:269,0
DA:271,0
DA:272,0
DA:276,0
DA:278,0
DA:279,0
DA:280,0
DA:281,0
DA:282,0
DA:283,0
DA:284,0
DA:286,0
LF:136
LH:7
end_of_record
SF:lib\src\router\provider\stacked_route_information_provider.dart
DA:12,0
DA:18,0
DA:22,0
DA:23,0
DA:24,0
DA:30,0
DA:34,0
DA:38,0
DA:39,0
DA:40,0
DA:42,0
DA:43,0
DA:46,0
DA:47,0
DA:48,0
DA:49,0
DA:52,0
DA:53,0
DA:56,0
DA:57,0
DA:63,0
DA:64,0
DA:65,0
DA:66,0
DA:67,0
DA:70,0
DA:72,0
DA:73,0
DA:76,0
DA:78,0
DA:79,0
DA:82,0
DA:88,0
DA:89,0
DA:92,0
DA:95,0
DA:96,0
DA:100,0
DA:102,0
DA:103,0
LF:40
LH:0
end_of_record
SF:lib\src\router\route\route_config.dart
DA:17,1
DA:28,1
DA:30,0
DA:32,2
DA:34,0
DA:36,0
DA:38,0
LF:7
LH:3
end_of_record
SF:lib\src\router\route\route_data_scope.dart
DA:7,0
DA:11,0
DA:13,0
DA:14,0
DA:15,0
DA:17,0
DA:23,0
DA:27,0
DA:29,0
LF:9
LH:0
end_of_record
SF:lib\src\router\transitions\stacked_page_route.dart
DA:4,0
DA:9,0
DA:14,0
DA:17,0
DA:20,0
DA:23,0
DA:26,0
DA:29,0
DA:30,0
DA:37,0
DA:38,0
DA:47,0
LF:12
LH:0
end_of_record
SF:lib\src\router\widgets\route_navigator.dart
DA:16,0
DA:24,0
DA:26,0
DA:27,0
DA:33,0
DA:35,0
DA:36,0
DA:37,0
DA:41,0
DA:42,0
DA:44,0
DA:45,0
DA:46,0
DA:47,0
DA:48,0
DA:49,0
DA:54,0
DA:56,0
DA:57,0
DA:58,0
DA:62,0
DA:64,0
DA:65,0
DA:66,0
DA:67,0
DA:68,0
DA:69,0
DA:72,0
DA:73,0
DA:74,0
DA:75,0
DA:78,0
DA:79,0
DA:80,0
DA:81,0
DA:86,0
DA:87,0
DA:88,0
DA:92,0
DA:93,0
DA:94,0
DA:95,0
LF:42
LH:0
end_of_record
SF:lib\src\utils.dart
DA:1,0
DA:2,0
DA:5,0
DA:6,0
LF:4
LH:0
end_of_record
SF:lib\src\router\widgets\wrapped_route.dart
DA:6,0
DA:9,0
DA:11,0
LF:3
LH:0
end_of_record
SF:lib\src\router\widgets\auto_tabs_scaffold.dart
DA:56,0
DA:91,0
DA:93,0
DA:95,0
DA:96,0
DA:97,0
DA:98,0
DA:99,0
DA:100,0
DA:101,0
DA:102,0
DA:103,0
DA:104,0
DA:105,0
DA:106,0
DA:107,0
DA:108,0
DA:109,0
DA:110,0
DA:111,0
DA:112,0
DA:113,0
DA:114,0
DA:115,0
DA:116,0
DA:117,0
DA:118,0
DA:119,0
DA:120,0
DA:121,0
DA:122,0
DA:123,0
DA:124,0
DA:125,0
DA:126,0
DA:127,0
DA:128,0
DA:130,0
DA:134,0
DA:135,0
DA:136,0
DA:141,0
DA:143,0
LF:43
LH:0
end_of_record
SF:lib\src\router\widgets\deferred_widget.dart
DA:17,0
DA:22,0
DA:27,0
DA:28,0
DA:30,0
DA:31,0
DA:32,0
DA:33,0
DA:36,0
DA:39,0
DA:40,0
DA:44,0
DA:49,0
DA:53,0
DA:54,0
DA:56,0
DA:57,0
DA:59,0
DA:62,0
DA:63,0
DA:64,0
DA:65,0
DA:69,0
DA:73,0
DA:74,0
DA:75,0
DA:77,0
DA:84,0
DA:88,0
LF:29
LH:0
end_of_record
SF:lib\src\router\widgets\stacked_leading_button.dart
DA:12,0
DA:14,0
DA:16,0
DA:18,0
DA:34,0
DA:42,0
DA:45,0
DA:47,0
DA:48,0
DA:54,0
DA:56,0
DA:57,0
DA:58,0
DA:61,0
DA:63,0
DA:64,0
DA:67,0
DA:69,0
DA:70,0
DA:71,0
DA:72,0
DA:73,0
DA:75,0
DA:76,0
DA:78,0
DA:79,0
DA:82,0
DA:86,0
DA:87,0
DA:88,0
DA:90,0
DA:91,0
DA:92,0
DA:95,0
DA:96,0
DA:97,0
DA:98,0
DA:101,0
DA:104,0
DA:106,0
DA:107,0
DA:108,0
DA:112,0
DA:113,0
DA:118,0
DA:119,0
DA:122,0
DA:123,0
LF:48
LH:0
end_of_record
SF:lib\src\router\widgets\stacked_page_view.dart
DA:8,0
DA:15,0
DA:35,0
DA:36,0
DA:45,0
DA:47,0
DA:48,0
DA:49,0
DA:52,0
DA:54,0
DA:55,0
DA:56,0
DA:60,0
DA:62,0
DA:63,0
DA:66,0
DA:67,0
DA:68,0
DA:69,0
DA:73,0
DA:74,0
DA:75,0
DA:76,0
DA:77,0
DA:78,0
DA:79,0
DA:84,0
DA:85,0
DA:89,0
DA:90,0
DA:91,0
DA:93,0
DA:94,0
DA:95,0
DA:96,0
DA:98,0
DA:99,0
DA:101,0
DA:102,0
DA:103,0
DA:104,0
DA:106,0
DA:107,0
DA:108,0
DA:109,0
DA:110,0
DA:111,0
DA:113,0
DA:115,0
DA:117,0
DA:118,0
DA:119,0
DA:124,0
DA:125,0
DA:126,0
DA:127,0
DA:128,0
DA:129,0
DA:131,0
DA:135,0
DA:137,0
DA:138,0
DA:139,0
DA:140,0
DA:141,0
DA:142,0
DA:143,0
DA:144,0
DA:145,0
DA:146,0
LF:70
LH:0
end_of_record
SF:lib\src\router\widgets\stacked_tab_view.dart
DA:17,0
DA:24,0
DA:44,0
DA:45,0
DA:49,0
DA:55,0
DA:60,0
DA:62,0
DA:64,0
DA:65,0
DA:66,0
DA:67,0
DA:68,0
DA:71,0
DA:73,0
DA:74,0
DA:75,0
DA:76,0
DA:80,0
DA:82,0
DA:83,0
DA:85,0
DA:86,0
DA:89,0
DA:90,0
DA:91,0
DA:92,0
DA:93,0
DA:94,0
DA:95,0
DA:100,0
DA:101,0
DA:105,0
DA:106,0
DA:107,0
DA:111,0
DA:112,0
DA:114,0
DA:115,0
DA:118,0
DA:120,0
DA:121,0
DA:122,0
DA:125,0
DA:127,0
DA:128,0
DA:129,0
DA:131,0
DA:132,0
DA:135,0
DA:136,0
DA:137,0
DA:138,0
DA:139,0
DA:140,0
DA:141,0
DA:142,0
DA:143,0
DA:144,0
DA:146,0
DA:148,0
DA:150,0
DA:151,0
DA:152,0
DA:157,0
DA:158,0
DA:160,0
DA:162,0
DA:163,0
DA:164,0
DA:165,0
DA:166,0
DA:167,0
DA:169,0
DA:170,0
DA:171,0
DA:172,0
DA:173,0
DA:174,0
DA:175,0
DA:176,0
DA:177,0
DA:180,0
DA:185,0
DA:187,0
DA:188,0
DA:189,0
DA:190,0
DA:191,0
DA:195,0
DA:196,0
DA:197,0
DA:198,0
DA:199,0
DA:200,0
DA:201,0
DA:202,0
DA:203,0
DA:204,0
DA:205,0
LF:100
LH:0
end_of_record
SF:lib\src\view_models\data_models\multiple_data_models.dart
DA:10,4
DA:12,4
DA:23,1
DA:24,2
DA:26,1
DA:29,1
DA:31,2
DA:32,1
DA:35,1
DA:36,1
DA:38,3
DA:39,4
DA:40,2
DA:41,2
DA:42,1
DA:43,1
DA:44,1
DA:45,1
DA:46,2
DA:47,1
DA:48,1
DA:49,1
DA:50,1
DA:51,1
DA:54,1
DA:55,1
DA:57,2
DA:60,1
DA:61,2
DA:62,4
DA:63,2
DA:64,2
DA:65,1
DA:69,1
DA:71,1
DA:73,0
DA:86,1
DA:88,1
DA:91,1
DA:92,2
DA:94,1
DA:96,2
DA:97,1
DA:98,2
DA:100,1
DA:101,1
DA:103,2
DA:105,2
DA:107,5
DA:108,1
DA:109,1
DA:110,1
DA:112,2
DA:113,3
DA:115,0
DA:116,0
DA:120,1
DA:121,2
DA:122,5
DA:123,3
DA:125,1
DA:126,1
DA:127,2
DA:129,2
DA:130,0
DA:131,1
DA:132,1
DA:135,2
DA:136,0
DA:137,1
DA:138,1
DA:142,1
DA:144,1
DA:145,1
DA:148,2
DA:149,1
DA:152,1
DA:155,1
DA:156,1
DA:157,1
DA:158,0
DA:159,1
DA:163,1
DA:166,1
DA:167,1
DA:170,1
DA:171,1
DA:172,3
DA:173,3
DA:174,1
DA:177,2
LF:91
LH:85
end_of_record
SF:lib\src\view_models\data_models\single_data_models.dart
DA:23,0
DA:25,1
DA:27,1
DA:28,1
DA:29,1
DA:32,3
DA:34,1
DA:35,1
DA:36,1
DA:38,1
DA:39,1
DA:46,1
DA:47,2
DA:50,1
DA:54,1
DA:57,0
DA:70,2
DA:74,1
DA:76,1
DA:77,2
DA:78,1
DA:81,1
DA:84,1
DA:87,1
DA:89,3
DA:90,1
DA:91,1
DA:92,1
DA:94,2
DA:96,2
DA:97,1
DA:99,1
DA:100,1
DA:101,1
DA:102,1
DA:103,1
DA:107,1
DA:108,1
DA:112,0
DA:115,1
DA:118,1
DA:120,0
DA:123,1
DA:127,0
DA:129,0
DA:130,0
DA:132,0
LF:47
LH:39
end_of_record
SF:lib\src\view_models\form_view_model.dart
DA:6,0
DA:7,0
LF:2
LH:0
end_of_record
SF:lib\src\view_models\helpers\index_tracking_state_helper.dart
DA:6,2
DA:12,2
DA:14,1
DA:15,2
DA:16,1
DA:18,1
DA:20,1
DA:21,1
DA:24,3
DA:30,1
DA:31,2
DA:36,2
DA:37,1
DA:38,5
DA:40,1
DA:41,1
DA:42,4
DA:43,1
DA:44,1
DA:45,1
DA:46,6
DA:48,1
DA:54,2
DA:56,1
LF:24
LH:24
end_of_record
SF:lib\src\view_models\index_tracking_viewmodel.dart
DA:10,0
DA:11,0
LF:2
LH:0
end_of_record
SF:lib\src\view_models\selector_view_model_builder.dart
DA:6,0
DA:12,0
DA:18,0
DA:20,0
DA:21,0
DA:22,0
DA:23,0
DA:24,0
DA:25,0
DA:26,0
LF:10
LH:0
end_of_record
SF:lib\src\view_models\selector_view_model_builder_widget.dart
DA:6,0
DA:9,0
DA:10,0
DA:13,0
DA:16,0
DA:21,0
DA:23,0
DA:25,0
DA:27,0
DA:29,0
DA:30,0
DA:31,0
DA:32,0
DA:33,0
DA:34,0
DA:35,0
DA:36,0
DA:40,0
DA:42,0
DA:43,0
DA:44,0
LF:21
LH:0
end_of_record
SF:lib\src\view_models\stacked_view.dart
DA:8,0
DA:14,0
DA:28,0
DA:36,0
DA:41,0
DA:45,0
DA:49,0
DA:54,0
DA:59,0
DA:65,0
DA:71,0
DA:73,0
DA:75,0
DA:76,0
DA:77,0
DA:78,0
DA:79,0
DA:80,0
DA:81,0
DA:82,0
DA:83,0
DA:84,0
DA:85,0
DA:88,0
DA:89,0
DA:90,0
DA:91,0
DA:92,0
DA:93,0
DA:94,0
DA:95,0
DA:96,0
LF:32
LH:0
end_of_record
SF:lib\src\view_models\view_model_builder.dart
DA:62,0
DA:77,0
DA:80,0
DA:95,0
DA:97,0
DA:98,0
DA:105,0
DA:107,0
DA:109,0
DA:110,0
DA:113,0
DA:114,0
DA:118,0
DA:119,0
DA:121,0
DA:122,0
DA:123,0
DA:124,0
DA:125,0
DA:126,0
DA:130,0
DA:131,0
DA:132,0
DA:133,0
DA:134,0
DA:135,0
DA:136,0
DA:143,0
DA:145,0
DA:146,0
DA:148,0
DA:149,0
DA:151,0
DA:153,0
DA:158,0
DA:159,0
DA:160,0
DA:164,0
DA:166,0
DA:167,0
DA:170,0
DA:172,0
DA:173,0
DA:174,0
DA:175,0
DA:176,0
DA:180,0
DA:181,0
DA:182,0
DA:186,0
DA:187,0
DA:188,0
DA:189,0
DA:190,0
DA:191,0
DA:196,0
DA:197,0
DA:198,0
DA:199,0
DA:200,0
DA:205,0
DA:207,0
DA:208,0
DA:209,0
DA:213,0
DA:218,0
DA:219,0
LF:67
LH:0
end_of_record
SF:lib\src\view_models\ui\skeleton_loader.dart
DA:18,0
DA:26,0
DA:28,0
DA:29,0
DA:42,0
DA:44,0
DA:45,0
DA:46,0
DA:51,0
DA:53,0
DA:54,0
DA:55,0
DA:56,0
DA:58,0
DA:60,0
DA:61,0
DA:62,0
DA:63,0
DA:64,0
DA:67,0
DA:71,0
DA:74,0
DA:78,0
DA:80,0
DA:86,0
DA:87,0
DA:88,0
DA:89,0
DA:91,0
DA:97,0
DA:98,0
DA:99,0
DA:103,0
DA:104,0
DA:107,0
DA:109,0
DA:110,0
DA:111,0
DA:112,0
DA:113,0
DA:115,0
DA:116,0
DA:117,0
DA:118,0
DA:122,0
DA:126,0
DA:128,0
DA:129,0
DA:130,0
DA:138,0
DA:140,0
DA:142,0
DA:143,0
DA:144,0
DA:145,0
DA:147,0
DA:150,0
DA:152,0
DA:153,0
LF:59
LH:0
end_of_record
SF:lib\src\view_models\view_model_widget.dart
DA:8,0
DA:13,0
DA:14,0
DA:18,0
DA:20,0
DA:21,0
DA:23,0
DA:25,0
DA:27,0
DA:29,0
DA:30,0
DA:31,0
LF:12
LH:0
end_of_record
